14:47:45 **** ビルド of configuration Debug for project SSF-OS_Sample_Project ****
arm-linux-gnueabihf-as.exe "C:\\Project\\OSくん\\Develop\\OS 本体\\サンプル・プログラム\\conf\\sit.s" 
09:27:35 **** クリーンのみのビルド of configuration Debug for project SSF-OS_Sample_Project ****
make clean 
rm -rf  ./src/SSF-OS_Sample_Project.o  ./src/SSF-OS_Sample_Project.d  SSF-OS_Sample_Project
' '
09:27:39 **** インクリメンタル・ビルド of configuration Debug for project SSF-OS_Sample_Project ****
make all 
'Building file: ../src/SSF-OS_Sample_Project.c'
'Invoking: Cross GCC Compiler'
arm-linux-gnueabihf-gcc -I"../..\..\..\inc" -O0 -g3 -Wall -c -fmessage-length=0 -MMD -MP -MF"src/SSF-OS_Sample_Project.d" -MT"src/SSF-OS_Sample_Project.o" -o "src/SSF-OS_Sample_Project.o" "../src/SSF-OS_Sample_Project.c"
../src/SSF-OS_Sample_Project.c:11:10: fatal error: kernel.h: No such file or directory
 #include "kernel.h"
          ^~~~~~~~~~
compilation terminated.
make: *** [src/SSF-OS_Sample_Project.o] Error 1
"make all" terminated with exit code 2. Build might be incomplete.
09:32:40 **** インクリメンタル・ビルド of configuration Debug for project SSF-OS_Sample_Project ****
make all 
'Building file: ../src/SSF-OS_Sample_Project.c'
'Invoking: Cross GCC Compiler'
arm-linux-gnueabihf-gcc -I../../../inc -O0 -g3 -Wall -c -fmessage-length=0 -MMD -MP -MF"src/SSF-OS_Sample_Project.d" -MT"src/SSF-OS_Sample_Project.o" -o "src/SSF-OS_Sample_Project.o" "../src/SSF-OS_Sample_Project.c"
'Finished building: ../src/SSF-OS_Sample_Project.c'
' '
'Building target: SSF-OS_Sample_Project'
'Invoking: Cross GCC Linker'
arm-linux-gnueabihf-gcc -L"../..\..\..\obj" -o "SSF-OS_Sample_Project"  ./src/SSF-OS_Sample_Project.o   -lfos
c:/sysgcc/raspberry/bin/../lib/gcc/arm-linux-gnueabihf/8/../../../../arm-linux-gnueabihf/bin/ld.exe: cannot find -lfos
collect2.exe: error: ld returned 1 exit status
make: *** [SSF-OS_Sample_Project] Error 1
"make all" terminated with exit code 2. Build might be incomplete.
09:33:16 **** インクリメンタル・ビルド of configuration Debug for project SSF-OS_Sample_Project ****
make all 
'Building target: SSF-OS_Sample_Project'
'Invoking: Cross GCC Linker'
arm-linux-gnueabihf-gcc -L../../../obj -o "SSF-OS_Sample_Project"  ./src/SSF-OS_Sample_Project.o   -lfos
c:/sysgcc/raspberry/bin/../lib/gcc/arm-linux-gnueabihf/8/../../../../arm-linux-gnueabihf/bin/ld.exe: c:/sysgcc/raspberry/bin/../arm-linux-gnueabihf/sysroot/usr/lib/arm-linux-gnueabihf/crt1.o: in function `_start':
(.text+0x34): undefined reference to `main'
c:/sysgcc/raspberry/bin/../lib/gcc/arm-linux-gnueabihf/8/../../../../arm-linux-gnueabihf/bin/ld.exe: ../../../obj\libfos.a(task.o): in function `.err_e_os_id_GetTaskState':
(.text+0x55c): undefined reference to `__start_rdybuf'
c:/sysgcc/raspberry/bin/../lib/gcc/arm-linux-gnueabihf/8/../../../../arm-linux-gnueabihf/bin/ld.exe: (.text+0x560): undefined reference to `__start_sbt'
c:/sysgcc/raspberry/bin/../lib/gcc/arm-linux-gnueabihf/8/../../../../arm-linux-gnueabihf/bin/ld.exe: (.text+0x564): undefined reference to `__start_tcb'
c:/sysgcc/raspberry/bin/../lib/gcc/arm-linux-gnueabihf/8/../../../../arm-linux-gnueabihf/bin/ld.exe: (.text+0x568): undefined reference to `__start_tib'
c:/sysgcc/raspberry/bin/../lib/gcc/arm-linux-gnueabihf/8/../../../../arm-linux-gnueabihf/bin/ld.exe: (.text+0x56c): undefined reference to `__start_rcb'
c:/sysgcc/raspberry/bin/../lib/gcc/arm-linux-gnueabihf/8/../../../../arm-linux-gnueabihf/bin/ld.exe: (.text+0x570): undefined reference to `__start_rib'
c:/sysgcc/raspberry/bin/../lib/gcc/arm-linux-gnueabihf/8/../../../../arm-linux-gnueabihf/bin/ld.exe: ../../../obj\libfos.a(task_t.o): in function `.err_e_par_ref_tsk':
(.text+0x810): undefined reference to `__start_rdyque_head'
c:/sysgcc/raspberry/bin/../lib/gcc/arm-linux-gnueabihf/8/../../../../arm-linux-gnueabihf/bin/ld.exe: (.text+0x814): undefined reference to `__start_ctcb'
c:/sysgcc/raspberry/bin/../lib/gcc/arm-linux-gnueabihf/8/../../../../arm-linux-gnueabihf/bin/ld.exe: (.text+0x818): undefined reference to `__start_sbt'
c:/sysgcc/raspberry/bin/../lib/gcc/arm-linux-gnueabihf/8/../../../../arm-linux-gnueabihf/bin/ld.exe: (.text+0x81c): undefined reference to `__start_ctib'
c:/sysgcc/raspberry/bin/../lib/gcc/arm-linux-gnueabihf/8/../../../../arm-linux-gnueabihf/bin/ld.exe: (.text+0x820): undefined reference to `__start_mib'
c:/sysgcc/raspberry/bin/../lib/gcc/arm-linux-gnueabihf/8/../../../../arm-linux-gnueabihf/bin/ld.exe: (.text+0x824): undefined reference to `__start_mcb'
c:/sysgcc/raspberry/bin/../lib/gcc/arm-linux-gnueabihf/8/../../../../arm-linux-gnueabihf/bin/ld.exe: (.text+0x828): undefined reference to `__start_seminf'
c:/sysgcc/raspberry/bin/../lib/gcc/arm-linux-gnueabihf/8/../../../../arm-linux-gnueabihf/bin/ld.exe: (.text+0x82c): undefined reference to `__start_semctrl'
c:/sysgcc/raspberry/bin/../lib/gcc/arm-linux-gnueabihf/8/../../../../arm-linux-gnueabihf/bin/ld.exe: (.text+0x830): undefined reference to `__start_mbfinf'
c:/sysgcc/raspberry/bin/../lib/gcc/arm-linux-gnueabihf/8/../../../../arm-linux-gnueabihf/bin/ld.exe: (.text+0x834): undefined reference to `__start_mbfctrl'
c:/sysgcc/raspberry/bin/../lib/gcc/arm-linux-gnueabihf/8/../../../../arm-linux-gnueabihf/bin/ld.exe: (.text+0x838): undefined reference to `__start_mpfinf'
c:/sysgcc/raspberry/bin/../lib/gcc/arm-linux-gnueabihf/8/../../../../arm-linux-gnueabihf/bin/ld.exe: (.text+0x83c): undefined reference to `__start_mpfctrl'
c:/sysgcc/raspberry/bin/../lib/gcc/arm-linux-gnueabihf/8/../../../../arm-linux-gnueabihf/bin/ld.exe: (.text+0x840): undefined reference to `__start_mplinf'
c:/sysgcc/raspberry/bin/../lib/gcc/arm-linux-gnueabihf/8/../../../../arm-linux-gnueabihf/bin/ld.exe: (.text+0x844): undefined reference to `__start_mplctrl'
c:/sysgcc/raspberry/bin/../lib/gcc/arm-linux-gnueabihf/8/../../../../arm-linux-gnueabihf/bin/ld.exe: ../../../obj\libfos.a(_dispatcher.o): in function `.end_primap_clear':
(.text+0x45c): undefined reference to `__start_sbt'
c:/sysgcc/raspberry/bin/../lib/gcc/arm-linux-gnueabihf/8/../../../../arm-linux-gnueabihf/bin/ld.exe: (.text+0x460): undefined reference to `__start_rdybuf'
c:/sysgcc/raspberry/bin/../lib/gcc/arm-linux-gnueabihf/8/../../../../arm-linux-gnueabihf/bin/ld.exe: (.text+0x464): undefined reference to `__start_tib'
c:/sysgcc/raspberry/bin/../lib/gcc/arm-linux-gnueabihf/8/../../../../arm-linux-gnueabihf/bin/ld.exe: (.text+0x468): undefined reference to `__start_rib'
c:/sysgcc/raspberry/bin/../lib/gcc/arm-linux-gnueabihf/8/../../../../arm-linux-gnueabihf/bin/ld.exe: (.text+0x46c): undefined reference to `__start_rcb'
c:/sysgcc/raspberry/bin/../lib/gcc/arm-linux-gnueabihf/8/../../../../arm-linux-gnueabihf/bin/ld.exe: (.text+0x470): undefined reference to `__start_tcb'
c:/sysgcc/raspberry/bin/../lib/gcc/arm-linux-gnueabihf/8/../../../../arm-linux-gnueabihf/bin/ld.exe: ../../../obj\libfos.a(_dispatcher_t.o): in function `.end_react':
(.text+0x378): undefined reference to `__start_sbt'
c:/sysgcc/raspberry/bin/../lib/gcc/arm-linux-gnueabihf/8/../../../../arm-linux-gnueabihf/bin/ld.exe: (.text+0x37c): undefined reference to `__start_sit'
c:/sysgcc/raspberry/bin/../lib/gcc/arm-linux-gnueabihf/8/../../../../arm-linux-gnueabihf/bin/ld.exe: (.text+0x380): undefined reference to `__start_rdyque_head'
c:/sysgcc/raspberry/bin/../lib/gcc/arm-linux-gnueabihf/8/../../../../arm-linux-gnueabihf/bin/ld.exe: (.text+0x384): undefined reference to `__start_ctib'
c:/sysgcc/raspberry/bin/../lib/gcc/arm-linux-gnueabihf/8/../../../../arm-linux-gnueabihf/bin/ld.exe: (.text+0x388): undefined reference to `__start_ctcb'
c:/sysgcc/raspberry/bin/../lib/gcc/arm-linux-gnueabihf/8/../../../../arm-linux-gnueabihf/bin/ld.exe: (.text+0x390): undefined reference to `__start_mcb'
c:/sysgcc/raspberry/bin/../lib/gcc/arm-linux-gnueabihf/8/../../../../arm-linux-gnueabihf/bin/ld.exe: ../../../obj\libfos.a(_ServiceCallEntry.o): in function `.call_from_ctsk_svcext':
(.text+0x1e0): undefined reference to `__start_sbt'
c:/sysgcc/raspberry/bin/../lib/gcc/arm-linux-gnueabihf/8/../../../../arm-linux-gnueabihf/bin/ld.exe: (.text+0x1e4): undefined reference to `__start_tcb'
c:/sysgcc/raspberry/bin/../lib/gcc/arm-linux-gnueabihf/8/../../../../arm-linux-gnueabihf/bin/ld.exe: (.text+0x1e8): undefined reference to `__start_SVC_TBL'
c:/sysgcc/raspberry/bin/../lib/gcc/arm-linux-gnueabihf/8/../../../../arm-linux-gnueabihf/bin/ld.exe: (.text+0x1f0): undefined reference to `__start_ctcb'
collect2.exe: error: ld returned 1 exit status
make: *** [SSF-OS_Sample_Project] Error 1
"make all" terminated with exit code 2. Build might be incomplete.
09:44:22 **** クリーンのみのビルド of configuration Debug for project SSF-OS_Sample_Project ****
make clean 
rm -rf  ./src/SSF-OS_Sample_Project.o  ./src/SSF-OS_Sample_Project.d  SSF-OS_Sample_Project
' '
09:44:24 **** インクリメンタル・ビルド of configuration Debug for project SSF-OS_Sample_Project ****
make all 
'Building file: ../src/SSF-OS_Sample_Project.c'
'Invoking: Cross GCC Compiler'
arm-linux-gnueabihf-gcc -I../../../inc -O0 -g3 -Wall -c -fmessage-length=0 -MMD -MP -MF"src/SSF-OS_Sample_Project.d" -MT"src/SSF-OS_Sample_Project.o" -o "src/SSF-OS_Sample_Project.o" "../src/SSF-OS_Sample_Project.c"
'Finished building: ../src/SSF-OS_Sample_Project.c'
' '
'Building target: SSF-OS_Sample_Project'
'Invoking: Cross GCC Linker'
arm-linux-gnueabihf-gcc -L../../../obj -o "SSF-OS_Sample_Project"  ./src/SSF-OS_Sample_Project.o   -lfos
c:/sysgcc/raspberry/bin/../lib/gcc/arm-linux-gnueabihf/8/../../../../arm-linux-gnueabihf/bin/ld.exe: c:/sysgcc/raspberry/bin/../arm-linux-gnueabihf/sysroot/usr/lib/arm-linux-gnueabihf/crt1.o: in function `_start':
(.text+0x34): undefined reference to `main'
c:/sysgcc/raspberry/bin/../lib/gcc/arm-linux-gnueabihf/8/../../../../arm-linux-gnueabihf/bin/ld.exe: ../../../obj\libfos.a(task.o): in function `.err_e_os_id_GetTaskState':
(.text+0x55c): undefined reference to `__start_rdybuf'
c:/sysgcc/raspberry/bin/../lib/gcc/arm-linux-gnueabihf/8/../../../../arm-linux-gnueabihf/bin/ld.exe: (.text+0x560): undefined reference to `__start_sbt'
c:/sysgcc/raspberry/bin/../lib/gcc/arm-linux-gnueabihf/8/../../../../arm-linux-gnueabihf/bin/ld.exe: (.text+0x564): undefined reference to `__start_tcb'
c:/sysgcc/raspberry/bin/../lib/gcc/arm-linux-gnueabihf/8/../../../../arm-linux-gnueabihf/bin/ld.exe: (.text+0x568): undefined reference to `__start_tib'
c:/sysgcc/raspberry/bin/../lib/gcc/arm-linux-gnueabihf/8/../../../../arm-linux-gnueabihf/bin/ld.exe: (.text+0x56c): undefined reference to `__start_rcb'
c:/sysgcc/raspberry/bin/../lib/gcc/arm-linux-gnueabihf/8/../../../../arm-linux-gnueabihf/bin/ld.exe: (.text+0x570): undefined reference to `__start_rib'
c:/sysgcc/raspberry/bin/../lib/gcc/arm-linux-gnueabihf/8/../../../../arm-linux-gnueabihf/bin/ld.exe: ../../../obj\libfos.a(task_t.o): in function `.err_e_par_ref_tsk':
(.text+0x810): undefined reference to `__start_rdyque_head'
c:/sysgcc/raspberry/bin/../lib/gcc/arm-linux-gnueabihf/8/../../../../arm-linux-gnueabihf/bin/ld.exe: (.text+0x814): undefined reference to `__start_ctcb'
c:/sysgcc/raspberry/bin/../lib/gcc/arm-linux-gnueabihf/8/../../../../arm-linux-gnueabihf/bin/ld.exe: (.text+0x818): undefined reference to `__start_sbt'
c:/sysgcc/raspberry/bin/../lib/gcc/arm-linux-gnueabihf/8/../../../../arm-linux-gnueabihf/bin/ld.exe: (.text+0x81c): undefined reference to `__start_ctib'
c:/sysgcc/raspberry/bin/../lib/gcc/arm-linux-gnueabihf/8/../../../../arm-linux-gnueabihf/bin/ld.exe: (.text+0x820): undefined reference to `__start_mib'
c:/sysgcc/raspberry/bin/../lib/gcc/arm-linux-gnueabihf/8/../../../../arm-linux-gnueabihf/bin/ld.exe: (.text+0x824): undefined reference to `__start_mcb'
c:/sysgcc/raspberry/bin/../lib/gcc/arm-linux-gnueabihf/8/../../../../arm-linux-gnueabihf/bin/ld.exe: (.text+0x828): undefined reference to `__start_seminf'
c:/sysgcc/raspberry/bin/../lib/gcc/arm-linux-gnueabihf/8/../../../../arm-linux-gnueabihf/bin/ld.exe: (.text+0x82c): undefined reference to `__start_semctrl'
c:/sysgcc/raspberry/bin/../lib/gcc/arm-linux-gnueabihf/8/../../../../arm-linux-gnueabihf/bin/ld.exe: (.text+0x830): undefined reference to `__start_mbfinf'
c:/sysgcc/raspberry/bin/../lib/gcc/arm-linux-gnueabihf/8/../../../../arm-linux-gnueabihf/bin/ld.exe: (.text+0x834): undefined reference to `__start_mbfctrl'
c:/sysgcc/raspberry/bin/../lib/gcc/arm-linux-gnueabihf/8/../../../../arm-linux-gnueabihf/bin/ld.exe: (.text+0x838): undefined reference to `__start_mpfinf'
c:/sysgcc/raspberry/bin/../lib/gcc/arm-linux-gnueabihf/8/../../../../arm-linux-gnueabihf/bin/ld.exe: (.text+0x83c): undefined reference to `__start_mpfctrl'
c:/sysgcc/raspberry/bin/../lib/gcc/arm-linux-gnueabihf/8/../../../../arm-linux-gnueabihf/bin/ld.exe: (.text+0x840): undefined reference to `__start_mplinf'
c:/sysgcc/raspberry/bin/../lib/gcc/arm-linux-gnueabihf/8/../../../../arm-linux-gnueabihf/bin/ld.exe: (.text+0x844): undefined reference to `__start_mplctrl'
c:/sysgcc/raspberry/bin/../lib/gcc/arm-linux-gnueabihf/8/../../../../arm-linux-gnueabihf/bin/ld.exe: ../../../obj\libfos.a(_dispatcher.o): in function `.end_primap_clear':
(.text+0x45c): undefined reference to `__start_sbt'
c:/sysgcc/raspberry/bin/../lib/gcc/arm-linux-gnueabihf/8/../../../../arm-linux-gnueabihf/bin/ld.exe: (.text+0x460): undefined reference to `__start_rdybuf'
c:/sysgcc/raspberry/bin/../lib/gcc/arm-linux-gnueabihf/8/../../../../arm-linux-gnueabihf/bin/ld.exe: (.text+0x464): undefined reference to `__start_tib'
c:/sysgcc/raspberry/bin/../lib/gcc/arm-linux-gnueabihf/8/../../../../arm-linux-gnueabihf/bin/ld.exe: (.text+0x468): undefined reference to `__start_rib'
c:/sysgcc/raspberry/bin/../lib/gcc/arm-linux-gnueabihf/8/../../../../arm-linux-gnueabihf/bin/ld.exe: (.text+0x46c): undefined reference to `__start_rcb'
c:/sysgcc/raspberry/bin/../lib/gcc/arm-linux-gnueabihf/8/../../../../arm-linux-gnueabihf/bin/ld.exe: (.text+0x470): undefined reference to `__start_tcb'
c:/sysgcc/raspberry/bin/../lib/gcc/arm-linux-gnueabihf/8/../../../../arm-linux-gnueabihf/bin/ld.exe: ../../../obj\libfos.a(_dispatcher_t.o): in function `.end_react':
(.text+0x378): undefined reference to `__start_sbt'
c:/sysgcc/raspberry/bin/../lib/gcc/arm-linux-gnueabihf/8/../../../../arm-linux-gnueabihf/bin/ld.exe: (.text+0x37c): undefined reference to `__start_sit'
c:/sysgcc/raspberry/bin/../lib/gcc/arm-linux-gnueabihf/8/../../../../arm-linux-gnueabihf/bin/ld.exe: (.text+0x380): undefined reference to `__start_rdyque_head'
c:/sysgcc/raspberry/bin/../lib/gcc/arm-linux-gnueabihf/8/../../../../arm-linux-gnueabihf/bin/ld.exe: (.text+0x384): undefined reference to `__start_ctib'
c:/sysgcc/raspberry/bin/../lib/gcc/arm-linux-gnueabihf/8/../../../../arm-linux-gnueabihf/bin/ld.exe: (.text+0x388): undefined reference to `__start_ctcb'
c:/sysgcc/raspberry/bin/../lib/gcc/arm-linux-gnueabihf/8/../../../../arm-linux-gnueabihf/bin/ld.exe: (.text+0x390): undefined reference to `__start_mcb'
c:/sysgcc/raspberry/bin/../lib/gcc/arm-linux-gnueabihf/8/../../../../arm-linux-gnueabihf/bin/ld.exe: ../../../obj\libfos.a(_ServiceCallEntry.o): in function `.call_from_ctsk_svcext':
(.text+0x1e0): undefined reference to `__start_sbt'
c:/sysgcc/raspberry/bin/../lib/gcc/arm-linux-gnueabihf/8/../../../../arm-linux-gnueabihf/bin/ld.exe: (.text+0x1e4): undefined reference to `__start_tcb'
c:/sysgcc/raspberry/bin/../lib/gcc/arm-linux-gnueabihf/8/../../../../arm-linux-gnueabihf/bin/ld.exe: (.text+0x1e8): undefined reference to `__start_SVC_TBL'
c:/sysgcc/raspberry/bin/../lib/gcc/arm-linux-gnueabihf/8/../../../../arm-linux-gnueabihf/bin/ld.exe: (.text+0x1f0): undefined reference to `__start_ctcb'
collect2.exe: error: ld returned 1 exit status
make: *** [SSF-OS_Sample_Project] Error 1
"make all" terminated with exit code 2. Build might be incomplete.
10:00:23 **** インクリメンタル・ビルド of configuration Debug for project SSF-OS_Sample_Project ****
make all 
'Building target: SSF-OS_Sample_Project'
'Invoking: Cross GCC Linker'
arm-linux-gnueabihf-gcc -L../../../obj -o "SSF-OS_Sample_Project"  ./src/SSF-OS_Sample_Project.o   -lfos
c:/sysgcc/raspberry/bin/../lib/gcc/arm-linux-gnueabihf/8/../../../../arm-linux-gnueabihf/bin/ld.exe: c:/sysgcc/raspberry/bin/../arm-linux-gnueabihf/sysroot/usr/lib/arm-linux-gnueabihf/crt1.o: in function `_start':
(.text+0x34): undefined reference to `main'
c:/sysgcc/raspberry/bin/../lib/gcc/arm-linux-gnueabihf/8/../../../../arm-linux-gnueabihf/bin/ld.exe: ../../../obj\libfos.a(task.o): in function `.err_e_os_id_GetTaskState':
(.text+0x55c): undefined reference to `__start_rdybuf'
c:/sysgcc/raspberry/bin/../lib/gcc/arm-linux-gnueabihf/8/../../../../arm-linux-gnueabihf/bin/ld.exe: (.text+0x560): undefined reference to `__start_sbt'
c:/sysgcc/raspberry/bin/../lib/gcc/arm-linux-gnueabihf/8/../../../../arm-linux-gnueabihf/bin/ld.exe: (.text+0x564): undefined reference to `__start_tcb'
c:/sysgcc/raspberry/bin/../lib/gcc/arm-linux-gnueabihf/8/../../../../arm-linux-gnueabihf/bin/ld.exe: (.text+0x568): undefined reference to `__start_tib'
c:/sysgcc/raspberry/bin/../lib/gcc/arm-linux-gnueabihf/8/../../../../arm-linux-gnueabihf/bin/ld.exe: (.text+0x56c): undefined reference to `__start_rcb'
c:/sysgcc/raspberry/bin/../lib/gcc/arm-linux-gnueabihf/8/../../../../arm-linux-gnueabihf/bin/ld.exe: (.text+0x570): undefined reference to `__start_rib'
c:/sysgcc/raspberry/bin/../lib/gcc/arm-linux-gnueabihf/8/../../../../arm-linux-gnueabihf/bin/ld.exe: ../../../obj\libfos.a(task_t.o): in function `.err_e_par_ref_tsk':
(.text+0x810): undefined reference to `__start_rdyque_head'
c:/sysgcc/raspberry/bin/../lib/gcc/arm-linux-gnueabihf/8/../../../../arm-linux-gnueabihf/bin/ld.exe: (.text+0x814): undefined reference to `__start_ctcb'
c:/sysgcc/raspberry/bin/../lib/gcc/arm-linux-gnueabihf/8/../../../../arm-linux-gnueabihf/bin/ld.exe: (.text+0x818): undefined reference to `__start_sbt'
c:/sysgcc/raspberry/bin/../lib/gcc/arm-linux-gnueabihf/8/../../../../arm-linux-gnueabihf/bin/ld.exe: (.text+0x81c): undefined reference to `__start_ctib'
c:/sysgcc/raspberry/bin/../lib/gcc/arm-linux-gnueabihf/8/../../../../arm-linux-gnueabihf/bin/ld.exe: (.text+0x820): undefined reference to `__start_mib'
c:/sysgcc/raspberry/bin/../lib/gcc/arm-linux-gnueabihf/8/../../../../arm-linux-gnueabihf/bin/ld.exe: (.text+0x824): undefined reference to `__start_mcb'
c:/sysgcc/raspberry/bin/../lib/gcc/arm-linux-gnueabihf/8/../../../../arm-linux-gnueabihf/bin/ld.exe: (.text+0x828): undefined reference to `__start_seminf'
c:/sysgcc/raspberry/bin/../lib/gcc/arm-linux-gnueabihf/8/../../../../arm-linux-gnueabihf/bin/ld.exe: (.text+0x82c): undefined reference to `__start_semctrl'
c:/sysgcc/raspberry/bin/../lib/gcc/arm-linux-gnueabihf/8/../../../../arm-linux-gnueabihf/bin/ld.exe: (.text+0x830): undefined reference to `__start_mbfinf'
c:/sysgcc/raspberry/bin/../lib/gcc/arm-linux-gnueabihf/8/../../../../arm-linux-gnueabihf/bin/ld.exe: (.text+0x834): undefined reference to `__start_mbfctrl'
c:/sysgcc/raspberry/bin/../lib/gcc/arm-linux-gnueabihf/8/../../../../arm-linux-gnueabihf/bin/ld.exe: (.text+0x838): undefined reference to `__start_mpfinf'
c:/sysgcc/raspberry/bin/../lib/gcc/arm-linux-gnueabihf/8/../../../../arm-linux-gnueabihf/bin/ld.exe: (.text+0x83c): undefined reference to `__start_mpfctrl'
c:/sysgcc/raspberry/bin/../lib/gcc/arm-linux-gnueabihf/8/../../../../arm-linux-gnueabihf/bin/ld.exe: (.text+0x840): undefined reference to `__start_mplinf'
c:/sysgcc/raspberry/bin/../lib/gcc/arm-linux-gnueabihf/8/../../../../arm-linux-gnueabihf/bin/ld.exe: (.text+0x844): undefined reference to `__start_mplctrl'
c:/sysgcc/raspberry/bin/../lib/gcc/arm-linux-gnueabihf/8/../../../../arm-linux-gnueabihf/bin/ld.exe: ../../../obj\libfos.a(_dispatcher.o): in function `.end_primap_clear':
(.text+0x45c): undefined reference to `__start_sbt'
c:/sysgcc/raspberry/bin/../lib/gcc/arm-linux-gnueabihf/8/../../../../arm-linux-gnueabihf/bin/ld.exe: (.text+0x460): undefined reference to `__start_rdybuf'
c:/sysgcc/raspberry/bin/../lib/gcc/arm-linux-gnueabihf/8/../../../../arm-linux-gnueabihf/bin/ld.exe: (.text+0x464): undefined reference to `__start_tib'
c:/sysgcc/raspberry/bin/../lib/gcc/arm-linux-gnueabihf/8/../../../../arm-linux-gnueabihf/bin/ld.exe: (.text+0x468): undefined reference to `__start_rib'
c:/sysgcc/raspberry/bin/../lib/gcc/arm-linux-gnueabihf/8/../../../../arm-linux-gnueabihf/bin/ld.exe: (.text+0x46c): undefined reference to `__start_rcb'
c:/sysgcc/raspberry/bin/../lib/gcc/arm-linux-gnueabihf/8/../../../../arm-linux-gnueabihf/bin/ld.exe: (.text+0x470): undefined reference to `__start_tcb'
c:/sysgcc/raspberry/bin/../lib/gcc/arm-linux-gnueabihf/8/../../../../arm-linux-gnueabihf/bin/ld.exe: ../../../obj\libfos.a(_dispatcher_t.o): in function `.end_react':
(.text+0x378): undefined reference to `__start_sbt'
c:/sysgcc/raspberry/bin/../lib/gcc/arm-linux-gnueabihf/8/../../../../arm-linux-gnueabihf/bin/ld.exe: (.text+0x37c): undefined reference to `__start_sit'
c:/sysgcc/raspberry/bin/../lib/gcc/arm-linux-gnueabihf/8/../../../../arm-linux-gnueabihf/bin/ld.exe: (.text+0x380): undefined reference to `__start_rdyque_head'
c:/sysgcc/raspberry/bin/../lib/gcc/arm-linux-gnueabihf/8/../../../../arm-linux-gnueabihf/bin/ld.exe: (.text+0x384): undefined reference to `__start_ctib'
c:/sysgcc/raspberry/bin/../lib/gcc/arm-linux-gnueabihf/8/../../../../arm-linux-gnueabihf/bin/ld.exe: (.text+0x388): undefined reference to `__start_ctcb'
c:/sysgcc/raspberry/bin/../lib/gcc/arm-linux-gnueabihf/8/../../../../arm-linux-gnueabihf/bin/ld.exe: (.text+0x390): undefined reference to `__start_mcb'
c:/sysgcc/raspberry/bin/../lib/gcc/arm-linux-gnueabihf/8/../../../../arm-linux-gnueabihf/bin/ld.exe: ../../../obj\libfos.a(_ServiceCallEntry.o): in function `.call_from_ctsk_svcext':
(.text+0x1e0): undefined reference to `__start_sbt'
c:/sysgcc/raspberry/bin/../lib/gcc/arm-linux-gnueabihf/8/../../../../arm-linux-gnueabihf/bin/ld.exe: (.text+0x1e4): undefined reference to `__start_tcb'
c:/sysgcc/raspberry/bin/../lib/gcc/arm-linux-gnueabihf/8/../../../../arm-linux-gnueabihf/bin/ld.exe: (.text+0x1e8): undefined reference to `__start_SVC_TBL'
c:/sysgcc/raspberry/bin/../lib/gcc/arm-linux-gnueabihf/8/../../../../arm-linux-gnueabihf/bin/ld.exe: (.text+0x1f0): undefined reference to `__start_ctcb'
collect2.exe: error: ld returned 1 exit status
make: *** [SSF-OS_Sample_Project] Error 1
"make all" terminated with exit code 2. Build might be incomplete.
10:05:05 **** クリーンのみのビルド of configuration Debug for project SSF-OS_Sample_Project ****
make clean 
rm -rf  ./src/SSF-OS_Sample_Project.o  ./src/SSF-OS_Sample_Project.d  SSF-OS_Sample_Project
' '
10:05:06 **** インクリメンタル・ビルド of configuration Debug for project SSF-OS_Sample_Project ****
make all 
'Building file: ../src/SSF-OS_Sample_Project.c'
'Invoking: Cross GCC Compiler'
arm-linux-gnueabihf-gcc -I../../../inc -O0 -g3 -Wall -c -fmessage-length=0 -MMD -MP -MF"src/SSF-OS_Sample_Project.d" -MT"src/SSF-OS_Sample_Project.o" -o "src/SSF-OS_Sample_Project.o" "../src/SSF-OS_Sample_Project.c"
'Finished building: ../src/SSF-OS_Sample_Project.c'
' '
make: *** No rule to make target `C:/Project/OS縺上ｓ/Develop/OS 譛ｬ菴?/繧ｵ繝ｳ繝励Ν繝ｻ繝励Ο繧ｰ繝ｩ繝?/obj/boot.o', needed by `SSF-OS_Sample_Project'.  Stop.
"make all" terminated with exit code 2. Build might be incomplete.
10:08:06 **** クリーンのみのビルド of configuration Debug for project SSF-OS_Sample_Project ****
make clean 
rm -rf  ./src/SSF-OS_Sample_Project.o  ./src/SSF-OS_Sample_Project.d  SSF-OS_Sample_Project
' '
10:08:07 **** インクリメンタル・ビルド of configuration Debug for project SSF-OS_Sample_Project ****
make all 
'Building file: ../src/SSF-OS_Sample_Project.c'
'Invoking: Cross GCC Compiler'
arm-linux-gnueabihf-gcc -I../../../inc -O0 -g3 -Wall -c -fmessage-length=0 -MMD -MP -MF"src/SSF-OS_Sample_Project.d" -MT"src/SSF-OS_Sample_Project.o" -o "src/SSF-OS_Sample_Project.o" "../src/SSF-OS_Sample_Project.c"
'Finished building: ../src/SSF-OS_Sample_Project.c'
' '
make: *** No rule to make target `../../obj/boot.o', needed by `SSF-OS_Sample_Project'.  Stop.
"make all" terminated with exit code 2. Build might be incomplete.
10:13:21 **** クリーンのみのビルド of configuration Debug for project SSF-OS_Sample_Project ****
make clean 
rm -rf  ./src/SSF-OS_Sample_Project.o  ./src/SSF-OS_Sample_Project.d  SSF-OS_Sample_Project
' '
10:13:22 **** インクリメンタル・ビルド of configuration Debug for project SSF-OS_Sample_Project ****
make all 
'Building file: ../src/SSF-OS_Sample_Project.c'
'Invoking: Cross GCC Compiler'
arm-linux-gnueabihf-gcc -I../../../inc -O0 -g3 -Wall -c -fmessage-length=0 -MMD -MP -MF"src/SSF-OS_Sample_Project.d" -MT"src/SSF-OS_Sample_Project.o" -o "src/SSF-OS_Sample_Project.o" "../src/SSF-OS_Sample_Project.c"
'Finished building: ../src/SSF-OS_Sample_Project.c'
' '
make: *** No rule to make target `../../obj/interrupt.o', needed by `SSF-OS_Sample_Project'.  Stop.
"make all" terminated with exit code 2. Build might be incomplete.
10:14:26 **** クリーンのみのビルド of configuration Debug for project SSF-OS_Sample_Project ****
make clean 
rm -rf  ./src/SSF-OS_Sample_Project.o  ./src/SSF-OS_Sample_Project.d  SSF-OS_Sample_Project
' '
10:14:27 **** インクリメンタル・ビルド of configuration Debug for project SSF-OS_Sample_Project ****
make all 
'Building file: ../src/SSF-OS_Sample_Project.c'
'Invoking: Cross GCC Compiler'
arm-linux-gnueabihf-gcc -I../../../inc -O0 -g3 -Wall -c -fmessage-length=0 -MMD -MP -MF"src/SSF-OS_Sample_Project.d" -MT"src/SSF-OS_Sample_Project.o" -o "src/SSF-OS_Sample_Project.o" "../src/SSF-OS_Sample_Project.c"
'Finished building: ../src/SSF-OS_Sample_Project.c'
' '
'Building target: SSF-OS_Sample_Project'
'Invoking: Cross GCC Linker'
arm-linux-gnueabihf-gcc -nostartfiles -nodefaultlibs -nostdlib -static -L../../../obj -T ../../conf/link.lds -o "SSF-OS_Sample_Project"  ./src/SSF-OS_Sample_Project.o  ../../../obj/boot.o ../../../obj/interrupt.o ../../../obj/stack.o ../../../conf/entry.o ../../../conf/sbt.o ../../../conf/sct.o ../../../conf/sit.o -lfos
c:/sysgcc/raspberry/bin/../lib/gcc/arm-linux-gnueabihf/8/../../../../arm-linux-gnueabihf/bin/ld.exe: cannot open linker script file ../../conf/link.lds: No such file or directory
collect2.exe: error: ld returned 1 exit status
make: *** [SSF-OS_Sample_Project] Error 1
"make all" terminated with exit code 2. Build might be incomplete.
10:15:14 **** クリーンのみのビルド of configuration Debug for project SSF-OS_Sample_Project ****
make clean 
rm -rf  ./src/SSF-OS_Sample_Project.o  ./src/SSF-OS_Sample_Project.d  SSF-OS_Sample_Project
' '
10:15:15 **** インクリメンタル・ビルド of configuration Debug for project SSF-OS_Sample_Project ****
make all 
'Building file: ../src/SSF-OS_Sample_Project.c'
'Invoking: Cross GCC Compiler'
arm-linux-gnueabihf-gcc -I../../../inc -O0 -g3 -Wall -c -fmessage-length=0 -MMD -MP -MF"src/SSF-OS_Sample_Project.d" -MT"src/SSF-OS_Sample_Project.o" -o "src/SSF-OS_Sample_Project.o" "../src/SSF-OS_Sample_Project.c"
'Finished building: ../src/SSF-OS_Sample_Project.c'
' '
'Building target: SSF-OS_Sample_Project'
'Invoking: Cross GCC Linker'
arm-linux-gnueabihf-gcc -nostartfiles -nodefaultlibs -nostdlib -static -L../../../obj -T ../../../conf/link.lds -o "SSF-OS_Sample_Project"  ./src/SSF-OS_Sample_Project.o  ../../../obj/boot.o ../../../obj/interrupt.o ../../../obj/stack.o ../../../conf/entry.o ../../../conf/sbt.o ../../../conf/sct.o ../../../conf/sit.o -lfos
'Finished building target: SSF-OS_Sample_Project'
' '
10:21:04 **** クリーンのみのビルド of configuration Debug for project SSF-OS_Sample_Project ****
make clean 
rm -rf  ./src/SSF-OS_Sample_Project.o  ./src/SSF-OS_Sample_Project.d  SSF-OS_Sample_Project
' '
15:23:57 **** ビルド of configuration Debug for project SSF-OS_Sample_Project ****
make all 
'Building file: ../src/SSF-OS_Sample_Project.c'
'Invoking: Cross GCC Compiler'
arm-linux-gnueabihf-gcc -I../../../inc -O0 -g3 -Wall -c -fmessage-length=0 -MMD -MP -MF"src/SSF-OS_Sample_Project.d" -MT"src/SSF-OS_Sample_Project.o" -o "src/SSF-OS_Sample_Project.o" "../src/SSF-OS_Sample_Project.c"
In file included from ../../../inc/itron.h:32,
                 from ../../../inc/kernel.h:30,
                 from ../src/SSF-OS_Sample_Project.c:11:
../../../inc/ctask.h:25: warning: "TSK_SELF" redefined
 #define TSK_SELF 0
 
In file included from ../../../inc/kernel.h:30,
                 from ../src/SSF-OS_Sample_Project.c:11:
../../../inc/itron.h:30: note: this is the location of the previous definition
 #define TSK_SELF 0x00
 
'Finished building: ../src/SSF-OS_Sample_Project.c'
' '
'Building target: SSF-OS_Sample_Project'
'Invoking: Cross GCC Linker'
arm-linux-gnueabihf-gcc -nostartfiles -nodefaultlibs -nostdlib -static -L../../../obj -T ../../../conf/link.lds -o "SSF-OS_Sample_Project"  ./src/SSF-OS_Sample_Project.o  ../../../obj/boot.o ../../../obj/interrupt.o ../../../obj/stack.o ../../../conf/entry.o ../../../conf/sbt.o ../../../conf/sct.o ../../../conf/sit.o -lfos
'Finished building target: SSF-OS_Sample_Project'
' '
15:25:06 **** インクリメンタル・ビルド of configuration Debug for project SSF-OS_Sample_Project ****
make all 
make: Nothing to be done for `all'.
15:26:39 **** インクリメンタル・ビルド of configuration Debug for project SSF-OS_Sample_Project ****
make all 
make: Nothing to be done for `all'.
15:28:25 **** インクリメンタル・ビルド of configuration Debug for project SSF-OS_Sample_Project ****
make all 
make: Nothing to be done for `all'.
15:30:41 **** インクリメンタル・ビルド of configuration Debug for project SSF-OS_Sample_Project ****
make all 
make: Nothing to be done for `all'.
15:32:31 **** インクリメンタル・ビルド of configuration Debug for project SSF-OS_Sample_Project ****
make all 
make: Nothing to be done for `all'.
15:32:55 **** インクリメンタル・ビルド of configuration Debug for project SSF-OS_Sample_Project ****
make all 
make: Nothing to be done for `all'.
15:34:20 **** インクリメンタル・ビルド of configuration Debug for project SSF-OS_Sample_Project ****
make all 
make: Nothing to be done for `all'.
15:36:34 **** インクリメンタル・ビルド of configuration Debug for project SSF-OS_Sample_Project ****
make all 
make: Nothing to be done for `all'.
15:37:17 **** インクリメンタル・ビルド of configuration Debug for project SSF-OS_Sample_Project ****
make all 
make: Nothing to be done for `all'.
15:41:52 **** インクリメンタル・ビルド of configuration Debug for project SSF-OS_Sample_Project ****
make all 
make: Nothing to be done for `all'.
15:42:35 **** インクリメンタル・ビルド of configuration Debug for project SSF-OS_Sample_Project ****
make all 
make: Nothing to be done for `all'.
15:44:59 **** インクリメンタル・ビルド of configuration Debug for project SSF-OS_Sample_Project ****
make all 
make: Nothing to be done for `all'.
15:45:51 **** インクリメンタル・ビルド of configuration Debug for project SSF-OS_Sample_Project ****
make all 
make: Nothing to be done for `all'.
15:46:19 **** インクリメンタル・ビルド of configuration Debug for project SSF-OS_Sample_Project ****
make all 
make: Nothing to be done for `all'.
15:46:29 **** インクリメンタル・ビルド of configuration Debug for project SSF-OS_Sample_Project ****
make all 
make: Nothing to be done for `all'.
17:55:26 **** インクリメンタル・ビルド of configuration Debug for project SSF-OS_Sample_Project ****
make all 
'Building file: ../src/SSF-OS_Sample_Project.c'
'Invoking: Cross GCC Compiler'
arm-linux-gnueabihf-gcc -I../../../inc -O0 -g3 -Wall -c -fmessage-length=0 -MMD -MP -MF"src/SSF-OS_Sample_Project.d" -MT"src/SSF-OS_Sample_Project.o" -o "src/SSF-OS_Sample_Project.o" "../src/SSF-OS_Sample_Project.c"
'Finished building: ../src/SSF-OS_Sample_Project.c'
' '
'Building target: SSF-OS_Sample_Project'
'Invoking: Cross GCC Linker'
arm-linux-gnueabihf-gcc -nostartfiles -nodefaultlibs -nostdlib -static -L../../../obj -T ../../../conf/link.lds -o "SSF-OS_Sample_Project"  ./src/SSF-OS_Sample_Project.o  ../../../obj/boot.o ../../../obj/interrupt.o ../../../obj/stack.o ../../../conf/entry.o ../../../conf/sbt.o ../../../conf/sct.o ../../../conf/sit.o -lfos
'Finished building target: SSF-OS_Sample_Project'
' '
17:59:24 **** インクリメンタル・ビルド of configuration Debug for project SSF-OS_Sample_Project ****
make all 
make: Nothing to be done for `all'.
18:00:06 **** インクリメンタル・ビルド of configuration Debug for project SSF-OS_Sample_Project ****
make all 
make: Nothing to be done for `all'.
18:01:52 **** インクリメンタル・ビルド of configuration Debug for project SSF-OS_Sample_Project ****
make all 
make: Nothing to be done for `all'.
18:08:12 **** インクリメンタル・ビルド of configuration Debug for project SSF-OS_Sample_Project ****
make all 
make: Nothing to be done for `all'.
19:41:55 **** インクリメンタル・ビルド of configuration Debug for project SSF-OS_Sample_Project ****
make all 
make: Nothing to be done for `all'.
19:42:57 **** インクリメンタル・ビルド of configuration Debug for project SSF-OS_Sample_Project ****
make all 
make: Nothing to be done for `all'.
19:43:52 **** インクリメンタル・ビルド of configuration Debug for project SSF-OS_Sample_Project ****
make all 
make: Nothing to be done for `all'.
19:45:27 **** インクリメンタル・ビルド of configuration Debug for project SSF-OS_Sample_Project ****
make all 
make: Nothing to be done for `all'.
19:46:23 **** インクリメンタル・ビルド of configuration Debug for project SSF-OS_Sample_Project ****
make all 
make: Nothing to be done for `all'.
19:46:40 **** インクリメンタル・ビルド of configuration Debug for project SSF-OS_Sample_Project ****
make all 
make: Nothing to be done for `all'.
19:46:51 **** インクリメンタル・ビルド of configuration Debug for project SSF-OS_Sample_Project ****
make all 
make: Nothing to be done for `all'.
19:47:17 **** インクリメンタル・ビルド of configuration Debug for project SSF-OS_Sample_Project ****
make all 
make: Nothing to be done for `all'.
20:54:31 **** インクリメンタル・ビルド of configuration Debug for project SSF-OS_Sample_Project ****
make all 
make: Nothing to be done for `all'.
20:56:31 **** インクリメンタル・ビルド of configuration Debug for project SSF-OS_Sample_Project ****
make all 
make: Nothing to be done for `all'.
20:59:26 **** インクリメンタル・ビルド of configuration Debug for project SSF-OS_Sample_Project ****
make all 
make: Nothing to be done for `all'.
21:02:11 **** インクリメンタル・ビルド of configuration Debug for project SSF-OS_Sample_Project ****
make all 
make: Nothing to be done for `all'.
21:04:22 **** インクリメンタル・ビルド of configuration Debug for project SSF-OS_Sample_Project ****
make all 
make: Nothing to be done for `all'.
21:05:09 **** インクリメンタル・ビルド of configuration Debug for project SSF-OS_Sample_Project ****
make all 
make: Nothing to be done for `all'.
21:06:39 **** インクリメンタル・ビルド of configuration Debug for project SSF-OS_Sample_Project ****
make all 
make: Nothing to be done for `all'.
21:07:03 **** インクリメンタル・ビルド of configuration Debug for project SSF-OS_Sample_Project ****
make all 
make: Nothing to be done for `all'.
21:08:54 **** インクリメンタル・ビルド of configuration Debug for project SSF-OS_Sample_Project ****
make all 
make: Nothing to be done for `all'.
21:12:16 **** インクリメンタル・ビルド of configuration Debug for project SSF-OS_Sample_Project ****
make all 
make: Nothing to be done for `all'.
21:20:44 **** インクリメンタル・ビルド of configuration Debug for project SSF-OS_Sample_Project ****
make all 
make: Nothing to be done for `all'.
21:22:08 **** インクリメンタル・ビルド of configuration Debug for project SSF-OS_Sample_Project ****
make all 
make: Nothing to be done for `all'.
21:22:23 **** インクリメンタル・ビルド of configuration Debug for project SSF-OS_Sample_Project ****
make all 
make: Nothing to be done for `all'.
21:23:02 **** インクリメンタル・ビルド of configuration Debug for project SSF-OS_Sample_Project ****
make all 
make: Nothing to be done for `all'.
21:42:52 **** インクリメンタル・ビルド of configuration Debug for project SSF-OS_Sample_Project ****
make all 
make: Nothing to be done for `all'.
21:44:12 **** インクリメンタル・ビルド of configuration Debug for project SSF-OS_Sample_Project ****
make all 
make: Nothing to be done for `all'.
21:44:27 **** インクリメンタル・ビルド of configuration Debug for project SSF-OS_Sample_Project ****
make all 
make: Nothing to be done for `all'.
21:46:19 **** インクリメンタル・ビルド of configuration Debug for project SSF-OS_Sample_Project ****
make all 
make: Nothing to be done for `all'.
21:51:08 **** インクリメンタル・ビルド of configuration Debug for project SSF-OS_Sample_Project ****
make all 
make: Nothing to be done for `all'.
21:52:13 **** インクリメンタル・ビルド of configuration Debug for project SSF-OS_Sample_Project ****
make all 
make: Nothing to be done for `all'.
21:53:38 **** インクリメンタル・ビルド of configuration Debug for project SSF-OS_Sample_Project ****
make all 
make: Nothing to be done for `all'.
21:54:01 **** インクリメンタル・ビルド of configuration Debug for project SSF-OS_Sample_Project ****
make all 
make: Nothing to be done for `all'.
21:54:46 **** インクリメンタル・ビルド of configuration Debug for project SSF-OS_Sample_Project ****
make all 
make: Nothing to be done for `all'.
21:55:25 **** インクリメンタル・ビルド of configuration Debug for project SSF-OS_Sample_Project ****
make all 
make: Nothing to be done for `all'.
21:56:12 **** インクリメンタル・ビルド of configuration Debug for project SSF-OS_Sample_Project ****
make all 
make: Nothing to be done for `all'.
22:02:53 **** インクリメンタル・ビルド of configuration Debug for project SSF-OS_Sample_Project ****
make all 
make: Nothing to be done for `all'.
14:19:50 **** インクリメンタル・ビルド of configuration Debug for project SSF-OS_Sample_Project ****
make all 
make: Nothing to be done for `all'.
14:20:16 **** インクリメンタル・ビルド of configuration Debug for project SSF-OS_Sample_Project ****
make all 
make: Nothing to be done for `all'.
14:20:27 **** インクリメンタル・ビルド of configuration Debug for project SSF-OS_Sample_Project ****
make all 
make: Nothing to be done for `all'.
14:22:16 **** インクリメンタル・ビルド of configuration Debug for project SSF-OS_Sample_Project ****
make all 
make: Nothing to be done for `all'.
14:25:37 **** インクリメンタル・ビルド of configuration Debug for project SSF-OS_Sample_Project ****
make all 
make: Nothing to be done for `all'.
14:25:56 **** インクリメンタル・ビルド of configuration Debug for project SSF-OS_Sample_Project ****
make all 
make: Nothing to be done for `all'.
14:26:53 **** インクリメンタル・ビルド of configuration Debug for project SSF-OS_Sample_Project ****
make all 
make: Nothing to be done for `all'.
14:27:05 **** インクリメンタル・ビルド of configuration Debug for project SSF-OS_Sample_Project ****
make all 
make: Nothing to be done for `all'.
14:27:58 **** インクリメンタル・ビルド of configuration Debug for project SSF-OS_Sample_Project ****
make all 
make: Nothing to be done for `all'.
14:34:13 **** インクリメンタル・ビルド of configuration Debug for project SSF-OS_Sample_Project ****
make all 
make: Nothing to be done for `all'.
14:34:32 **** インクリメンタル・ビルド of configuration Debug for project SSF-OS_Sample_Project ****
make all 
make: Nothing to be done for `all'.
14:36:24 **** 表示(&W) of configuration Debug for project SSF-OS_Sample_Project ****
make all 
make: Nothing to be done for `all'.
14:38:08 **** インクリメンタル・ビルド of configuration Debug for project SSF-OS_Sample_Project ****
make all 
make: Nothing to be done for `all'.
14:38:31 **** インクリメンタル・ビルド of configuration Debug for project SSF-OS_Sample_Project ****
make all 
make: Nothing to be done for `all'.
14:38:45 **** インクリメンタル・ビルド of configuration Debug for project SSF-OS_Sample_Project ****
make all 
make: Nothing to be done for `all'.
14:39:39 **** インクリメンタル・ビルド of configuration Debug for project SSF-OS_Sample_Project ****
make all 
make: Nothing to be done for `all'.
14:39:55 **** インクリメンタル・ビルド of configuration Debug for project SSF-OS_Sample_Project ****
make all 
make: Nothing to be done for `all'.
14:40:07 **** インクリメンタル・ビルド of configuration Debug for project SSF-OS_Sample_Project ****
make all 
make: Nothing to be done for `all'.
14:40:17 **** インクリメンタル・ビルド of configuration Debug for project SSF-OS_Sample_Project ****
make all 
make: Nothing to be done for `all'.
14:40:23 **** インクリメンタル・ビルド of configuration Debug for project SSF-OS_Sample_Project ****
make all 
make: Nothing to be done for `all'.
14:40:31 **** インクリメンタル・ビルド of configuration Debug for project SSF-OS_Sample_Project ****
make all 
make: Nothing to be done for `all'.
14:40:43 **** インクリメンタル・ビルド of configuration Debug for project SSF-OS_Sample_Project ****
make all 
make: Nothing to be done for `all'.
14:43:32 **** インクリメンタル・ビルド of configuration Debug for project SSF-OS_Sample_Project ****
make all 
make: Nothing to be done for `all'.
14:44:19 **** インクリメンタル・ビルド of configuration Debug for project SSF-OS_Sample_Project ****
make all 
make: Nothing to be done for `all'.
14:44:48 **** インクリメンタル・ビルド of configuration Debug for project SSF-OS_Sample_Project ****
make all 
make: Nothing to be done for `all'.
14:45:16 **** インクリメンタル・ビルド of configuration Debug for project SSF-OS_Sample_Project ****
make all 
make: Nothing to be done for `all'.
14:45:39 **** インクリメンタル・ビルド of configuration Debug for project SSF-OS_Sample_Project ****
make all 
make: Nothing to be done for `all'.
14:48:32 **** インクリメンタル・ビルド of configuration Debug for project SSF-OS_Sample_Project ****
make all 
make: Nothing to be done for `all'.
14:52:17 **** インクリメンタル・ビルド of configuration Debug for project SSF-OS_Sample_Project ****
make all 
make: Nothing to be done for `all'.
14:52:47 **** インクリメンタル・ビルド of configuration Debug for project SSF-OS_Sample_Project ****
make all 
make: Nothing to be done for `all'.
14:53:26 **** インクリメンタル・ビルド of configuration Debug for project SSF-OS_Sample_Project ****
make all 
make: Nothing to be done for `all'.
14:54:01 **** インクリメンタル・ビルド of configuration Debug for project SSF-OS_Sample_Project ****
make all 
make: Nothing to be done for `all'.
14:55:23 **** インクリメンタル・ビルド of configuration Debug for project SSF-OS_Sample_Project ****
make all 
make: Nothing to be done for `all'.
14:55:54 **** インクリメンタル・ビルド of configuration Debug for project SSF-OS_Sample_Project ****
make all 
make: Nothing to be done for `all'.
14:56:28 **** インクリメンタル・ビルド of configuration Debug for project SSF-OS_Sample_Project ****
make all 
make: Nothing to be done for `all'.
14:56:59 **** インクリメンタル・ビルド of configuration Debug for project SSF-OS_Sample_Project ****
make all 
make: Nothing to be done for `all'.
15:01:09 **** インクリメンタル・ビルド of configuration Debug for project SSF-OS_Sample_Project ****
make all 
make: Nothing to be done for `all'.
15:01:30 **** インクリメンタル・ビルド of configuration Debug for project SSF-OS_Sample_Project ****
make all 
make: Nothing to be done for `all'.
15:01:42 **** インクリメンタル・ビルド of configuration Debug for project SSF-OS_Sample_Project ****
make all 
make: Nothing to be done for `all'.
15:02:00 **** インクリメンタル・ビルド of configuration Debug for project SSF-OS_Sample_Project ****
make all 
make: Nothing to be done for `all'.
15:02:12 **** インクリメンタル・ビルド of configuration Debug for project SSF-OS_Sample_Project ****
make all 
make: Nothing to be done for `all'.
15:02:25 **** インクリメンタル・ビルド of configuration Debug for project SSF-OS_Sample_Project ****
make all 
make: Nothing to be done for `all'.
15:07:42 **** インクリメンタル・ビルド of configuration Debug for project SSF-OS_Sample_Project ****
make all 
make: Nothing to be done for `all'.
15:12:14 **** インクリメンタル・ビルド of configuration Debug for project SSF-OS_Sample_Project ****
make all 
make: Nothing to be done for `all'.
16:55:24 **** インクリメンタル・ビルド of configuration Debug for project SSF-OS_Sample_Project ****
make all 
make: Nothing to be done for `all'.
16:55:52 **** インクリメンタル・ビルド of configuration Debug for project SSF-OS_Sample_Project ****
make all 
make: Nothing to be done for `all'.
16:56:15 **** インクリメンタル・ビルド of configuration Debug for project SSF-OS_Sample_Project ****
make all 
make: Nothing to be done for `all'.
16:56:25 **** インクリメンタル・ビルド of configuration Debug for project SSF-OS_Sample_Project ****
make all 
make: Nothing to be done for `all'.
17:02:57 **** インクリメンタル・ビルド of configuration Debug for project SSF-OS_Sample_Project ****
make all 
make: Nothing to be done for `all'.
17:03:26 **** インクリメンタル・ビルド of configuration Debug for project SSF-OS_Sample_Project ****
make all 
make: Nothing to be done for `all'.
17:03:37 **** インクリメンタル・ビルド of configuration Debug for project SSF-OS_Sample_Project ****
make all 
make: Nothing to be done for `all'.
17:04:33 **** インクリメンタル・ビルド of configuration Debug for project SSF-OS_Sample_Project ****
make all 
make: Nothing to be done for `all'.
17:05:17 **** インクリメンタル・ビルド of configuration Debug for project SSF-OS_Sample_Project ****
make all 
make: Nothing to be done for `all'.
17:20:32 **** インクリメンタル・ビルド of configuration Debug for project SSF-OS_Sample_Project ****
make all 
make: Nothing to be done for `all'.
17:20:43 **** インクリメンタル・ビルド of configuration Debug for project SSF-OS_Sample_Project ****
make all 
make: Nothing to be done for `all'.
17:23:43 **** インクリメンタル・ビルド of configuration Debug for project SSF-OS_Sample_Project ****
make all 
make: Nothing to be done for `all'.
17:24:00 **** インクリメンタル・ビルド of configuration Debug for project SSF-OS_Sample_Project ****
make all 
make: Nothing to be done for `all'.
17:24:36 **** インクリメンタル・ビルド of configuration Debug for project SSF-OS_Sample_Project ****
make all 
make: Nothing to be done for `all'.
17:25:18 **** インクリメンタル・ビルド of configuration Debug for project SSF-OS_Sample_Project ****
make all 
make: Nothing to be done for `all'.
17:25:36 **** インクリメンタル・ビルド of configuration Debug for project SSF-OS_Sample_Project ****
make all 
make: Nothing to be done for `all'.
17:26:02 **** インクリメンタル・ビルド of configuration Debug for project SSF-OS_Sample_Project ****
make all 
make: Nothing to be done for `all'.
17:29:00 **** インクリメンタル・ビルド of configuration Debug for project SSF-OS_Sample_Project ****
make all 
make: Nothing to be done for `all'.
17:30:19 **** インクリメンタル・ビルド of configuration Debug for project SSF-OS_Sample_Project ****
make all 
make: Nothing to be done for `all'.
17:31:18 **** インクリメンタル・ビルド of configuration Debug for project SSF-OS_Sample_Project ****
make all 
make: Nothing to be done for `all'.
17:31:49 **** インクリメンタル・ビルド of configuration Debug for project SSF-OS_Sample_Project ****
make all 
make: Nothing to be done for `all'.
17:34:58 **** インクリメンタル・ビルド of configuration Debug for project SSF-OS_Sample_Project ****
make all 
make: Nothing to be done for `all'.
17:37:20 **** インクリメンタル・ビルド of configuration Debug for project SSF-OS_Sample_Project ****
make all 
make: Nothing to be done for `all'.
17:37:35 **** インクリメンタル・ビルド of configuration Debug for project SSF-OS_Sample_Project ****
make all 
make: Nothing to be done for `all'.
17:39:19 **** インクリメンタル・ビルド of configuration Debug for project SSF-OS_Sample_Project ****
make all 
make: Nothing to be done for `all'.
17:40:54 **** インクリメンタル・ビルド of configuration Debug for project SSF-OS_Sample_Project ****
make all 
make: Nothing to be done for `all'.
17:48:12 **** インクリメンタル・ビルド of configuration Debug for project SSF-OS_Sample_Project ****
make all 
make: Nothing to be done for `all'.
17:49:28 **** インクリメンタル・ビルド of configuration Debug for project SSF-OS_Sample_Project ****
make all 
make: Nothing to be done for `all'.
17:51:53 **** インクリメンタル・ビルド of configuration Debug for project SSF-OS_Sample_Project ****
make all 
make: Nothing to be done for `all'.
17:53:11 **** インクリメンタル・ビルド of configuration Debug for project SSF-OS_Sample_Project ****
make all 
make: Nothing to be done for `all'.
17:53:59 **** インクリメンタル・ビルド of configuration Debug for project SSF-OS_Sample_Project ****
make all 
make: Nothing to be done for `all'.
17:54:21 **** インクリメンタル・ビルド of configuration Debug for project SSF-OS_Sample_Project ****
make all 
make: Nothing to be done for `all'.
17:54:48 **** インクリメンタル・ビルド of configuration Debug for project SSF-OS_Sample_Project ****
make all 
make: Nothing to be done for `all'.
17:55:40 **** インクリメンタル・ビルド of configuration Debug for project SSF-OS_Sample_Project ****
make all 
make: Nothing to be done for `all'.
17:57:01 **** インクリメンタル・ビルド of configuration Debug for project SSF-OS_Sample_Project ****
make all 
make: Nothing to be done for `all'.
23:53:59 **** インクリメンタル・ビルド of configuration Debug for project SSF-OS_Sample_Project ****
make all 
'Building file: ../src/SSF-OS_Sample_Project.c'
'Invoking: Cross GCC Compiler'
arm-linux-gnueabihf-gcc -I../../../inc -O0 -g3 -Wall -c -fmessage-length=0 -MMD -MP -MF"src/SSF-OS_Sample_Project.d" -MT"src/SSF-OS_Sample_Project.o" -o "src/SSF-OS_Sample_Project.o" "../src/SSF-OS_Sample_Project.c"
'Finished building: ../src/SSF-OS_Sample_Project.c'
' '
'Building target: SSF-OS_Sample_Project'
'Invoking: Cross GCC Linker'
arm-linux-gnueabihf-gcc -nostartfiles -nodefaultlibs -nostdlib -static -L../../../obj -T ../../../conf/link.lds -o "SSF-OS_Sample_Project"  ./src/SSF-OS_Sample_Project.o  ../../../obj/boot.o ../../../obj/interrupt.o ../../../obj/stack.o ../../../conf/entry.o ../../../conf/sbt.o ../../../conf/sct.o ../../../conf/sit.o -lfos
'Finished building target: SSF-OS_Sample_Project'
' '
08:43:54 **** インクリメンタル・ビルド of configuration Debug for project SSF-OS_Sample_Project ****
make all 
make: Nothing to be done for `all'.
08:44:14 **** クリーンのみのビルド of configuration Debug for project SSF-OS_Sample_Project ****
make clean 
rm -rf  ./src/SSF-OS_Sample_Project.o  ./src/SSF-OS_Sample_Project.d  SSF-OS_Sample_Project
' '
08:44:22 **** ビルド of configuration Debug for project SSF-OS_Sample_Project ****
make all 
'Building file: ../src/SSF-OS_Sample_Project.c'
'Invoking: Cross GCC Compiler'
arm-linux-gnueabihf-gcc -I../../../inc -O0 -g3 -Wall -c -fmessage-length=0 -MMD -MP -MF"src/SSF-OS_Sample_Project.d" -MT"src/SSF-OS_Sample_Project.o" -o "src/SSF-OS_Sample_Project.o" "../src/SSF-OS_Sample_Project.c"
'Finished building: ../src/SSF-OS_Sample_Project.c'
' '
'Building target: SSF-OS_Sample_Project'
'Invoking: Cross GCC Linker'
arm-linux-gnueabihf-gcc -nostartfiles -nodefaultlibs -nostdlib -static -L../../../obj -T ../../../conf/link.lds -o "SSF-OS_Sample_Project"  ./src/SSF-OS_Sample_Project.o  ../../../obj/boot.o ../../../obj/interrupt.o ../../../obj/stack.o ../../../conf/entry.o ../../../conf/sbt.o ../../../conf/sct.o ../../../conf/sit.o -lfos
'Finished building target: SSF-OS_Sample_Project'
' '
08:51:59 **** クリーンのみのビルド of configuration Debug for project SSF-OS_Sample_Project ****
make clean 
rm -rf  ./src/SSF-OS_Sample_Project.o  ./src/SSF-OS_Sample_Project.d  SSF-OS_Sample_Project
' '
08:52:02 **** ビルド of configuration Debug for project SSF-OS_Sample_Project ****
make all 
'Building file: ../src/SSF-OS_Sample_Project.c'
'Invoking: Cross GCC Compiler'
arm-linux-gnueabihf-gcc -I../../../inc -O0 -g3 -Wall -c -fmessage-length=0 -MMD -MP -MF"src/SSF-OS_Sample_Project.d" -MT"src/SSF-OS_Sample_Project.o" -o "src/SSF-OS_Sample_Project.o" "../src/SSF-OS_Sample_Project.c"
'Finished building: ../src/SSF-OS_Sample_Project.c'
' '
'Building target: SSF-OS_Sample_Project'
'Invoking: Cross GCC Linker'
arm-linux-gnueabihf-gcc -nostartfiles -nodefaultlibs -nostdlib -static -L../../../obj -T ../../../conf/link.lds -o "SSF-OS_Sample_Project"  ./src/SSF-OS_Sample_Project.o  ../../../obj/boot.o ../../../obj/interrupt.o ../../../obj/stack.o ../../../conf/entry.o ../../../conf/sbt.o ../../../conf/sct.o ../../../conf/sit.o -lfos
'Finished building target: SSF-OS_Sample_Project'
' '
08:53:07 **** クリーンのみのビルド of configuration Debug for project SSF-OS_Sample_Project ****
make clean 
rm -rf  ./src/SSF-OS_Sample_Project.o  ./src/SSF-OS_Sample_Project.d  SSF-OS_Sample_Project
' '
08:53:12 **** ビルド of configuration Debug for project SSF-OS_Sample_Project ****
make all 
'Building file: ../src/SSF-OS_Sample_Project.c'
'Invoking: Cross GCC Compiler'
arm-linux-gnueabihf-gcc -I../../../inc -O0 -g3 -Wall -c -fmessage-length=0 -MMD -MP -MF"src/SSF-OS_Sample_Project.d" -MT"src/SSF-OS_Sample_Project.o" -o "src/SSF-OS_Sample_Project.o" "../src/SSF-OS_Sample_Project.c"
'Finished building: ../src/SSF-OS_Sample_Project.c'
' '
'Building target: SSF-OS_Sample_Project'
'Invoking: Cross GCC Linker'
arm-linux-gnueabihf-gcc -nostartfiles -nodefaultlibs -nostdlib -static -L../../../obj -T ../../../conf/link.lds -o "SSF-OS_Sample_Project"  ./src/SSF-OS_Sample_Project.o  ../../../obj/boot.o ../../../obj/interrupt.o ../../../obj/stack.o ../../../conf/entry.o ../../../conf/sbt.o ../../../conf/sct.o ../../../conf/sit.o -lfos
'Finished building target: SSF-OS_Sample_Project'
' '
09:08:37 **** クリーンのみのビルド of configuration Debug for project SSF-OS_Sample_Project ****
make clean 
rm -rf  ./src/SSF-OS_Sample_Project.o  ./src/SSF-OS_Sample_Project.d  SSF-OS_Sample_Project
' '
09:08:44 **** ビルド of configuration Debug for project SSF-OS_Sample_Project ****
make all 
'Building file: ../src/SSF-OS_Sample_Project.c'
'Invoking: Cross GCC Compiler'
arm-linux-gnueabihf-gcc -I../../../inc -O0 -g3 -Wall -c -fmessage-length=0 -MMD -MP -MF"src/SSF-OS_Sample_Project.d" -MT"src/SSF-OS_Sample_Project.o" -o "src/SSF-OS_Sample_Project.o" "../src/SSF-OS_Sample_Project.c"
'Finished building: ../src/SSF-OS_Sample_Project.c'
' '
'Building target: SSF-OS_Sample_Project'
'Invoking: Cross GCC Linker'
arm-linux-gnueabihf-gcc -nostartfiles -nodefaultlibs -nostdlib -static -L../../../obj -T ../../../conf/link.lds -o "SSF-OS_Sample_Project"  ./src/SSF-OS_Sample_Project.o  ../../../obj/boot.o ../../../obj/interrupt.o ../../../obj/stack.o ../../../conf/entry.o ../../../conf/sbt.o ../../../conf/sct.o ../../../conf/sit.o -lfos
'Finished building target: SSF-OS_Sample_Project'
' '
22:32:23 **** インクリメンタル・ビルド of configuration Debug for project SSF-OS_Sample_Project ****
make all 
'Building target: SSF-OS_Sample_Project'
'Invoking: Cross GCC Linker'
arm-linux-gnueabihf-gcc -nostartfiles -nodefaultlibs -nostdlib -static -L../../../obj -T ../../../conf/link.lds -o "SSF-OS_Sample_Project"  ./src/SSF-OS_Sample_Project.o  ../../../obj/boot.o ../../../obj/interrupt.o ../../../obj/stack.o ../../../conf/entry.o ../../../conf/sbt.o ../../../conf/sct.o ../../../conf/sit.o -lfos
'Finished building target: SSF-OS_Sample_Project'
' '
14:36:27 **** クリーンのみのビルド of configuration Debug for project SSF-OS_Sample_Project ****
make clean 
rm -rf  ./src/SSF-OS_Sample_Project.o  ./src/SSF-OS_Sample_Project.d  SSF-OS_Sample_Project
' '
14:36:31 **** インクリメンタル・ビルド of configuration Debug for project SSF-OS_Sample_Project ****
make all 
'Building file: ../src/SSF-OS_Sample_Project.c'
'Invoking: Cross GCC Compiler'
arm-linux-gnueabihf-gcc -I../../../inc -O0 -g3 -Wall -c -fmessage-length=0 -gdwarf-2 -MMD -MP -MF"src/SSF-OS_Sample_Project.d" -MT"src/SSF-OS_Sample_Project.o" -o "src/SSF-OS_Sample_Project.o" "../src/SSF-OS_Sample_Project.c"
'Finished building: ../src/SSF-OS_Sample_Project.c'
' '
'Building target: SSF-OS_Sample_Project'
'Invoking: Cross GCC Linker'
arm-linux-gnueabihf-gcc -nostartfiles -nodefaultlibs -nostdlib -static -L../../../obj -T ../../../conf/link.lds -o "SSF-OS_Sample_Project"  ./src/SSF-OS_Sample_Project.o  ../../../obj/boot.o ../../../obj/interrupt.o ../../../obj/stack.o ../../../conf/entry.o ../../../conf/sbt.o ../../../conf/sct.o ../../../conf/sit.o -lfos
'Finished building target: SSF-OS_Sample_Project'
' '
