2020-05-17 23:44:35,116 [Worker-4: Loading available Gradle versions] INFO  o.e.b.c.i.u.g.PublishedGradleVersions - Gradle version information cache is out-of-date. Trying to update.
2020-05-17 23:55:04,423 [Worker-6: Loading available Gradle versions] INFO  o.e.b.c.i.u.g.PublishedGradleVersions - Gradle version information cache is up-to-date. Trying to read.
2020-05-18 00:06:55,215 [Worker-2: Loading available Gradle versions] INFO  o.e.b.c.i.u.g.PublishedGradleVersions - Gradle version information cache is up-to-date. Trying to read.
2020-05-18 00:15:21,379 [Worker-2: Loading available Gradle versions] INFO  o.e.b.c.i.u.g.PublishedGradleVersions - Gradle version information cache is up-to-date. Trying to read.
2020-05-19 11:41:21,681 [Worker-1: Loading available Gradle versions] INFO  o.e.b.c.i.u.g.PublishedGradleVersions - Gradle version information cache is out-of-date. Trying to update.
2020-05-19 12:31:01,772 [Worker-3: Loading available Gradle versions] INFO  o.e.b.c.i.u.g.PublishedGradleVersions - Gradle version information cache is up-to-date. Trying to read.
2020-05-19 13:09:00,927 [Worker-1: Loading available Gradle versions] INFO  o.e.b.c.i.u.g.PublishedGradleVersions - Gradle version information cache is up-to-date. Trying to read.
2020-05-19 13:19:09,403 [Worker-3: Loading available Gradle versions] INFO  o.e.b.c.i.u.g.PublishedGradleVersions - Gradle version information cache is up-to-date. Trying to read.
2020-05-20 09:20:56,722 [Worker-6: Loading available Gradle versions] INFO  o.e.b.c.i.u.g.PublishedGradleVersions - Gradle version information cache is up-to-date. Trying to read.
2020-05-20 09:56:26,697 [Start Help Server] INFO  org.eclipse.jetty.util.log - Logging initialized @2452125ms to org.eclipse.jetty.util.log.Slf4jLog
2020-05-20 09:56:41,632 [Start Help Server] INFO  org.eclipse.jetty.server.Server - jetty-9.4.27.v20200227; built: 2020-03-02T14:40:42.212Z; git: a304fd9f351f337e7c0e2a7c28878dd536149c6c; jvm 11.0.6+10
2020-05-20 09:56:41,789 [Start Help Server] INFO  org.eclipse.jetty.server.session - DefaultSessionIdManager workerName=node0
2020-05-20 09:56:41,789 [Start Help Server] INFO  org.eclipse.jetty.server.session - No SessionScavenger set, using defaults
2020-05-20 09:56:41,791 [Start Help Server] INFO  org.eclipse.jetty.server.session - node0 Scavenging every 660000ms
2020-05-20 09:56:41,900 [Start Help Server] INFO  o.e.j.server.handler.ContextHandler - Started o.e.j.s.ServletContextHandler@a298c66{/help,null,AVAILABLE}
2020-05-20 09:56:42,104 [Start Help Server] INFO  o.e.jetty.server.AbstractConnector - Started ServerConnector@35a4126f{HTTP/1.1, (http/1.1)}{127.0.0.1:50715}
2020-05-20 09:56:42,104 [Start Help Server] INFO  org.eclipse.jetty.server.Server - Started @2467591ms
2020-05-20 09:56:42,104 [Start Help Server] INFO  org.eclipse.jetty.server.session - node0 Scavenging every 726000ms
2020-05-20 10:17:06,673 [Stop Help Server] INFO  o.e.jetty.server.AbstractConnector - Stopped ServerConnector@35a4126f{HTTP/1.1, (http/1.1)}{127.0.0.1:0}
2020-05-20 10:17:06,673 [Stop Help Server] INFO  org.eclipse.jetty.server.session - node0 Stopped scavenging
2020-05-20 10:17:06,752 [Stop Help Server] INFO  o.e.j.server.handler.ContextHandler - Stopped o.e.j.s.ServletContextHandler@a298c66{/help,null,UNAVAILABLE}
2020-05-20 10:20:53,843 [Worker-6: Loading available Gradle versions] INFO  o.e.b.c.i.u.g.PublishedGradleVersions - Gradle version information cache is up-to-date. Trying to read.
2020-05-20 22:50:47,386 [Worker-4: Loading available Gradle versions] INFO  o.e.b.c.i.u.g.PublishedGradleVersions - Gradle version information cache is out-of-date. Trying to update.
2020-05-23 15:46:05,615 [Worker-7: Loading available Gradle versions] INFO  o.e.b.c.i.u.g.PublishedGradleVersions - Gradle version information cache is out-of-date. Trying to update.
2020-05-26 11:15:19,394 [Worker-1: Loading available Gradle versions] INFO  o.e.b.c.i.u.g.PublishedGradleVersions - Gradle version information cache is out-of-date. Trying to update.
2020-05-26 12:38:06,528 [Worker-5: Loading available Gradle versions] INFO  o.e.b.c.i.u.g.PublishedGradleVersions - Gradle version information cache is up-to-date. Trying to read.
2020-05-30 15:23:08,578 [Worker-3: Loading available Gradle versions] INFO  o.e.b.c.i.u.g.PublishedGradleVersions - Gradle version information cache is out-of-date. Trying to update.
2020-05-30 17:54:33,779 [Worker-4: Loading available Gradle versions] INFO  o.e.b.c.i.u.g.PublishedGradleVersions - Gradle version information cache is up-to-date. Trying to read.
2020-05-30 20:52:49,617 [Worker-3: Loading available Gradle versions] INFO  o.e.b.c.i.u.g.PublishedGradleVersions - Gradle version information cache is up-to-date. Trying to read.
2020-06-01 14:19:36,782 [Worker-8: Loading available Gradle versions] INFO  o.e.b.c.i.u.g.PublishedGradleVersions - Gradle version information cache is out-of-date. Trying to update.
2020-06-01 16:55:09,084 [Worker-2: Loading available Gradle versions] INFO  o.e.b.c.i.u.g.PublishedGradleVersions - Gradle version information cache is up-to-date. Trying to read.
2020-06-01 21:03:40,412 [Worker-8: Loading available Gradle versions] INFO  o.e.b.c.i.u.g.PublishedGradleVersions - Gradle version information cache is up-to-date. Trying to read.
2020-06-02 08:29:29,539 [Worker-1: Loading available Gradle versions] INFO  o.e.b.c.i.u.g.PublishedGradleVersions - Gradle version information cache is up-to-date. Trying to read.
2020-06-02 08:36:16,249 [Start Help Server] INFO  org.eclipse.jetty.util.log - Logging initialized @464365ms to org.eclipse.jetty.util.log.Slf4jLog
2020-06-02 08:36:16,427 [Start Help Server] INFO  org.eclipse.jetty.server.Server - jetty-9.4.27.v20200227; built: 2020-03-02T14:40:42.212Z; git: a304fd9f351f337e7c0e2a7c28878dd536149c6c; jvm 11.0.6+10
2020-06-02 08:36:16,458 [Start Help Server] INFO  org.eclipse.jetty.server.session - DefaultSessionIdManager workerName=node0
2020-06-02 08:36:16,458 [Start Help Server] INFO  org.eclipse.jetty.server.session - No SessionScavenger set, using defaults
2020-06-02 08:36:16,459 [Start Help Server] INFO  org.eclipse.jetty.server.session - node0 Scavenging every 600000ms
2020-06-02 08:36:16,492 [Start Help Server] INFO  o.e.j.server.handler.ContextHandler - Started o.e.j.s.ServletContextHandler@14e5828d{/help,null,AVAILABLE}
2020-06-02 08:36:16,520 [Start Help Server] INFO  o.e.jetty.server.AbstractConnector - Started ServerConnector@6afb873a{HTTP/1.1, (http/1.1)}{127.0.0.1:51489}
2020-06-02 08:36:16,520 [Start Help Server] INFO  org.eclipse.jetty.server.Server - Started @464640ms
2020-06-02 08:36:16,521 [Start Help Server] INFO  org.eclipse.jetty.server.session - node0 Scavenging every 600000ms
2020-06-02 09:33:42,690 [Stop Help Server] INFO  o.e.jetty.server.AbstractConnector - Stopped ServerConnector@6afb873a{HTTP/1.1, (http/1.1)}{127.0.0.1:0}
2020-06-02 09:33:42,690 [Stop Help Server] INFO  org.eclipse.jetty.server.session - node0 Stopped scavenging
2020-06-02 09:33:42,690 [Stop Help Server] INFO  o.e.j.server.handler.ContextHandler - Stopped o.e.j.s.ServletContextHandler@14e5828d{/help,null,UNAVAILABLE}
2020-06-02 22:30:34,483 [Worker-8: Loading available Gradle versions] INFO  o.e.b.c.i.u.g.PublishedGradleVersions - Gradle version information cache is out-of-date. Trying to update.
2020-06-05 14:27:23,357 [Worker-8: Loading available Gradle versions] INFO  o.e.b.c.i.u.g.PublishedGradleVersions - Gradle version information cache is out-of-date. Trying to update.
